{"name": "test_fill_order_form[test_input0]", "status": "broken", "statusDetails": {"message": "selenium.common.exceptions.TimeoutException: Message: Not found ('css selector', 'div.App_App__15LM- div.Order_Content__bmtHS div.Order_Modal__YZ-d3 div.Order_Buttons__1xGrp > button.Button_Button__ra12g.Button_Middle__1CSJM:nth-child(2)')\nStacktrace:\nRemoteError@chrome://remote/content/shared/RemoteError.sys.mjs:8:8\nWebDriverError@chrome://remote/content/shared/webdriver/Errors.sys.mjs:193:5\nNoSuchElementError@chrome://remote/content/shared/webdriver/Errors.sys.mjs:511:5\ndom.find/</<@chrome://remote/content/shared/DOM.sys.mjs:136:16", "trace": "self = <test_order_page.TestOrderPage object at 0x00000185B8CF65D0>\ntest_input = {'address': 'Улица Ленина, дом 11', 'comment': 'Как можно быстрее', 'name': 'Юлия', 'phone_number': '89009000000', ...}\ndriver = <selenium.webdriver.firefox.webdriver.WebDriver (session=\"d69f1898-5149-4e67-a0a7-e6f1309c8e79\")>\n\n    @pytest.mark.parametrize(\"test_input\", [(OrderTestData.CASE_1), (OrderTestData.CASE_2)])\n    def test_fill_order_form(self, test_input, driver):\n        data = test_input\n        main_page = MainPage(driver)\n        main_page.go_to_site(URLS.SCOOTER_SITE)\n        main_page.accept_cookies()\n        main_page.click_order_button(MainPageLocators.ORDER_BUTTON_HEADER)\n        order_page = OrderPage(driver)\n        order_page.set_name(data[\"name\"])\n        order_page.set_surname(data[\"surname\"])\n        order_page.set_address(data[\"address\"])\n        order_page.select_metro_station()\n        order_page.find_element_located(OrderPageLocators.CHERKIZOVSKAYA_METRO_STATION).click()\n        order_page.set_phone_number(data[\"phone_number\"])\n        order_page.click_next_button()\n        order_page.select_delivery_day()\n        order_page.find_element_located(OrderPageLocators.DATE_29_OCTOBER).click()\n        order_page.select_rental_period()\n        order_page.find_element_located(OrderPageLocators.RENT_DAYS_3).click()\n        order_page.select_scooter_color(data[\"scooter_color\"])\n        order_page.pass_a_comment_for_courier(data[\"comment\"])\n>       order_page.click_order_button()\n\ntests\\test_order_page.py:38: \n_ _ _ _ _ _ _ _ _ _ _ _ _ _ _ _ _ _ _ _ _ _ _ _ _ _ _ _ _ _ _ _ _ _ _ _ _ _ _ _ _ _ _ _ _ _ _ _ _ _ _ _ _ _ _ _ _ _ _ _ _ _ _ _ _ _ _ _ _ _ _ _ _ _ _ _ _ _ _ _ \npage_object\\order_page.py:40: in click_order_button\n    self.find_element_located(OrderPageLocators.ORDER_BUTTON).click()\npage_object\\base_page.py:13: in find_element_located\n    return WebDriverWait(self.driver, time).until(EC.element_to_be_clickable(locator), message=f'Not found {locator}')\n_ _ _ _ _ _ _ _ _ _ _ _ _ _ _ _ _ _ _ _ _ _ _ _ _ _ _ _ _ _ _ _ _ _ _ _ _ _ _ _ _ _ _ _ _ _ _ _ _ _ _ _ _ _ _ _ _ _ _ _ _ _ _ _ _ _ _ _ _ _ _ _ _ _ _ _ _ _ _ _ \n\nself = <selenium.webdriver.support.wait.WebDriverWait (session=\"d69f1898-5149-4e67-a0a7-e6f1309c8e79\")>\nmethod = <function element_to_be_clickable.<locals>._predicate at 0x00000185B8DA0220>\nmessage = \"Not found ('css selector', 'div.App_App__15LM- div.Order_Content__bmtHS div.Order_Modal__YZ-d3 div.Order_Buttons__1xGrp > button.Button_Button__ra12g.Button_Middle__1CSJM:nth-child(2)')\"\n\n    def until(self, method: Callable[[D], Union[Literal[False], T]], message: str = \"\") -> T:\n        \"\"\"Calls the method provided with the driver as an argument until the \\\n        return value does not evaluate to ``False``.\n    \n        :param method: callable(WebDriver)\n        :param message: optional message for :exc:`TimeoutException`\n        :returns: the result of the last call to `method`\n        :raises: :exc:`selenium.common.exceptions.TimeoutException` if timeout occurs\n        \"\"\"\n        screen = None\n        stacktrace = None\n    \n        end_time = time.monotonic() + self._timeout\n        while True:\n            try:\n                value = method(self._driver)\n                if value:\n                    return value\n            except self._ignored_exceptions as exc:\n                screen = getattr(exc, \"screen\", None)\n                stacktrace = getattr(exc, \"stacktrace\", None)\n            time.sleep(self._poll)\n            if time.monotonic() > end_time:\n                break\n>       raise TimeoutException(message, screen, stacktrace)\nE       selenium.common.exceptions.TimeoutException: Message: Not found ('css selector', 'div.App_App__15LM- div.Order_Content__bmtHS div.Order_Modal__YZ-d3 div.Order_Buttons__1xGrp > button.Button_Button__ra12g.Button_Middle__1CSJM:nth-child(2)')\nE       Stacktrace:\nE       RemoteError@chrome://remote/content/shared/RemoteError.sys.mjs:8:8\nE       WebDriverError@chrome://remote/content/shared/webdriver/Errors.sys.mjs:193:5\nE       NoSuchElementError@chrome://remote/content/shared/webdriver/Errors.sys.mjs:511:5\nE       dom.find/</<@chrome://remote/content/shared/DOM.sys.mjs:136:16\n\n.venv\\Lib\\site-packages\\selenium\\webdriver\\support\\wait.py:105: TimeoutException"}, "parameters": [{"name": "test_input", "value": "{'name': 'Юлия', 'surname': 'Дементьева', 'address': 'Улица Ленина, дом 11', 'phone_number': '89009000000', 'scooter_color': ('xpath', \"//input[@id='black']\"), 'comment': 'Как можно быстрее'}"}], "start": 1729521332556, "stop": 1729521348008, "uuid": "6a5fb913-af86-4ab1-954b-9a9803ea2321", "historyId": "8183bb74863da0ca7b90234a84259a1f", "testCaseId": "907f91d99183b5916f5f94a706fa471d", "fullName": "tests.test_order_page.TestOrderPage#test_fill_order_form", "labels": [{"name": "parentSuite", "value": "tests"}, {"name": "suite", "value": "test_order_page"}, {"name": "subSuite", "value": "TestOrderPage"}, {"name": "host", "value": "DESKTOP-15VMVI4"}, {"name": "thread", "value": "59048-MainThread"}, {"name": "framework", "value": "pytest"}, {"name": "language", "value": "cpython3"}, {"name": "package", "value": "tests.test_order_page"}]}